app/build/intermediates/manifest_merge_blame_file/release/manifest-merger-blame-release-report.txt
1<?xml version="1.0" encoding="utf-8"?>
2<manifest xmlns:android="http://schemas.android.com/apk/res/android"
3    package="com.iser.project313"
4    android:versionCode="1"
5    android:versionName="1.0" >
6
7    <uses-sdk
8        android:minSdkVersion="16"
8-->src\main\AndroidManifest.xml
9        android:targetSdkVersion="28" />
9-->src\main\AndroidManifest.xml
10
11    <uses-permission android:name="android.permission.INTERNET" />
11-->src\main\AndroidManifest.xml:5:5-67
11-->src\main\AndroidManifest.xml:5:22-64
12    <uses-permission android:name="android.permission.ACCESS_NETWORK_STATE" />
12-->[com.google.firebase:firebase-database:16.0.4] AndroidManifest.xml:22:5-79
12-->[com.google.firebase:firebase-database:16.0.4] AndroidManifest.xml:22:22-76
13
14    <application
14-->src\main\AndroidManifest.xml:7:5-31:19
15        android:allowBackup="true"
15-->src\main\AndroidManifest.xml:8:9-35
16        android:appComponentFactory="androidx.core.app.CoreComponentFactory"
16-->[androidx.core:core:1.0.2] AndroidManifest.xml:22:18-86
17        android:icon="@drawable/app_icon"
17-->src\main\AndroidManifest.xml:9:9-42
18        android:label="@string/app_name"
18-->src\main\AndroidManifest.xml:10:9-41
19        android:supportsRtl="true"
19-->src\main\AndroidManifest.xml:11:9-35
20        android:theme="@style/AppTheme" >
20-->src\main\AndroidManifest.xml:12:9-40
21        <activity android:name="com.iser.project313.ui.orders.OrdersActivity" />
21-->src\main\AndroidManifest.xml:13:9-71
21-->src\main\AndroidManifest.xml:13:19-59
22        <activity android:name="com.iser.project313.ui.orders.PersonalListingActivity" />
22-->src\main\AndroidManifest.xml:14:9-71
22-->src\main\AndroidManifest.xml:14:19-68
23        <activity android:name="com.iser.project313.ui.home.CreateBook" />
23-->src\main\AndroidManifest.xml:15:9-56
23-->src\main\AndroidManifest.xml:15:19-53
24        <activity android:name="com.iser.project313.ui.home.BookDetailActivity" />
24-->src\main\AndroidManifest.xml:16:9-64
24-->src\main\AndroidManifest.xml:16:19-61
25        <activity android:name="com.iser.project313.ui.home.BookListingActivity" />
25-->src\main\AndroidManifest.xml:17:9-65
25-->src\main\AndroidManifest.xml:17:19-62
26        <activity android:name="com.iser.project313.ui.user_info.CheckSessionActivity" >
26-->src\main\AndroidManifest.xml:18:9-24:20
26-->src\main\AndroidManifest.xml:18:19-68
27            <intent-filter>
27-->src\main\AndroidManifest.xml:19:13-23:29
28                <action android:name="android.intent.action.MAIN" />
28-->src\main\AndroidManifest.xml:20:17-69
28-->src\main\AndroidManifest.xml:20:25-66
29
30                <category android:name="android.intent.category.LAUNCHER" />
30-->src\main\AndroidManifest.xml:22:17-77
30-->src\main\AndroidManifest.xml:22:27-74
31            </intent-filter>
32        </activity>
33        <activity android:name="com.iser.project313.ui.user_info.LoginActivity" />
33-->src\main\AndroidManifest.xml:25:9-64
33-->src\main\AndroidManifest.xml:25:19-61
34        <activity android:name="com.iser.project313.ui.user_info.RegisterActivity" />
34-->src\main\AndroidManifest.xml:26:9-67
34-->src\main\AndroidManifest.xml:26:19-64
35        <activity
35-->src\main\AndroidManifest.xml:27:9-30:59
36            android:name="com.iser.project313.MainActivity"
36-->src\main\AndroidManifest.xml:28:13-41
37            android:label="@string/app_name"
37-->src\main\AndroidManifest.xml:29:13-45
38            android:theme="@style/AppTheme.NoActionBar" />
38-->src\main\AndroidManifest.xml:30:13-56
39        <activity
39-->[com.google.firebase:firebase-auth:16.0.5] AndroidManifest.xml:24:9-31:50
40            android:name="com.google.firebase.auth.internal.FederatedSignInActivity"
40-->[com.google.firebase:firebase-auth:16.0.5] AndroidManifest.xml:25:13-85
41            android:excludeFromRecents="true"
41-->[com.google.firebase:firebase-auth:16.0.5] AndroidManifest.xml:26:13-46
42            android:exported="true"
42-->[com.google.firebase:firebase-auth:16.0.5] AndroidManifest.xml:27:13-36
43            android:launchMode="singleTask"
43-->[com.google.firebase:firebase-auth:16.0.5] AndroidManifest.xml:28:13-44
44            android:permission="com.google.firebase.auth.api.gms.permission.LAUNCH_FEDERATED_SIGN_IN"
44-->[com.google.firebase:firebase-auth:16.0.5] AndroidManifest.xml:29:13-102
45            android:theme="@android:style/Theme.Translucent.NoTitleBar" />
45-->[com.google.firebase:firebase-auth:16.0.5] AndroidManifest.xml:30:13-72
46
47        <service
47-->[com.google.firebase:firebase-auth:16.0.5] AndroidManifest.xml:33:9-39:19
48            android:name="com.google.firebase.components.ComponentDiscoveryService"
48-->[com.google.firebase:firebase-auth:16.0.5] AndroidManifest.xml:34:13-84
49            android:exported="false" >
49-->[com.google.firebase:firebase-auth:16.0.5] AndroidManifest.xml:35:13-37
50            <meta-data
50-->[com.google.firebase:firebase-auth:16.0.5] AndroidManifest.xml:36:13-38:85
51                android:name="com.google.firebase.components:com.google.firebase.auth.FirebaseAuthRegistrar"
51-->[com.google.firebase:firebase-auth:16.0.5] AndroidManifest.xml:37:17-109
52                android:value="com.google.firebase.components.ComponentRegistrar" />
52-->[com.google.firebase:firebase-auth:16.0.5] AndroidManifest.xml:38:17-82
53        </service>
54
55        <activity
55-->[com.google.android.gms:play-services-base:16.0.1] AndroidManifest.xml:23:9-26:75
56            android:name="com.google.android.gms.common.api.GoogleApiActivity"
56-->[com.google.android.gms:play-services-base:16.0.1] AndroidManifest.xml:24:13-79
57            android:exported="false"
57-->[com.google.android.gms:play-services-base:16.0.1] AndroidManifest.xml:25:13-37
58            android:theme="@android:style/Theme.Translucent.NoTitleBar" />
58-->[com.google.android.gms:play-services-base:16.0.1] AndroidManifest.xml:26:13-72
59
60        <provider
60-->[com.google.firebase:firebase-common:16.0.3] AndroidManifest.xml:10:9-14:39
61            android:name="com.google.firebase.provider.FirebaseInitProvider"
61-->[com.google.firebase:firebase-common:16.0.3] AndroidManifest.xml:11:13-77
62            android:authorities="com.iser.project313.firebaseinitprovider"
62-->[com.google.firebase:firebase-common:16.0.3] AndroidManifest.xml:12:13-72
63            android:exported="false"
63-->[com.google.firebase:firebase-common:16.0.3] AndroidManifest.xml:13:13-37
64            android:initOrder="100" />
64-->[com.google.firebase:firebase-common:16.0.3] AndroidManifest.xml:14:13-36
65
66        <meta-data
66-->[com.google.android.gms:play-services-basement:16.1.0] AndroidManifest.xml:23:9-25:69
67            android:name="com.google.android.gms.version"
67-->[com.google.android.gms:play-services-basement:16.1.0] AndroidManifest.xml:24:13-58
68            android:value="@integer/google_play_services_version" />
68-->[com.google.android.gms:play-services-basement:16.1.0] AndroidManifest.xml:25:13-66
69
70        <provider
70-->[androidx.lifecycle:lifecycle-process:2.0.0] AndroidManifest.xml:23:9-27:43
71            android:name="androidx.lifecycle.ProcessLifecycleOwnerInitializer"
71-->[androidx.lifecycle:lifecycle-process:2.0.0] AndroidManifest.xml:24:13-79
72            android:authorities="com.iser.project313.lifecycle-process"
72-->[androidx.lifecycle:lifecycle-process:2.0.0] AndroidManifest.xml:25:13-69
73            android:exported="false"
73-->[androidx.lifecycle:lifecycle-process:2.0.0] AndroidManifest.xml:26:13-37
74            android:multiprocess="true" />
74-->[androidx.lifecycle:lifecycle-process:2.0.0] AndroidManifest.xml:27:13-40
75    </application>
76
77</manifest>